Arguments: 
  F:\nodejs\node.exe C:\Users\jin\AppData\Roaming\npm\node_modules\yarn\bin\yarn.js

PATH: 
  C:\Users\jin\bin;F:\Git\mingw64\bin;F:\Git\usr\local\bin;F:\Git\usr\bin;F:\Git\usr\bin;F:\Git\mingw64\bin;F:\Git\usr\bin;C:\Users\jin\bin;C:\Windows\System32;F:\software\jdk1.8\bin;F:\software\jdk1.8\jre\bin;F:\software\apache-maven-3.5.0-bin\apache-maven-3.5.0\bin;F:\software\OpenVPN\bin ;F:\nodejs;C:\Users\jin\AppData\Local\Microsoft\WindowsApps;F:\Microsoft VS Code\bin;C:\Users\jin\AppData\Roaming\npm;F:\Git\usr\bin\vendor_perl;F:\Git\usr\bin\core_perl

Yarn version: 
  1.17.3

Node version: 
  12.6.0

Platform: 
  win32 x64

Trace: 
  Error: connect ECONNREFUSED 101.231.252.117:80
      at TCPConnectWrap.afterConnect [as oncomplete] (net.js:1056:14)

npm manifest: 
  {
    "name": "electron-quick-start",
    "version": "1.0.0",
    "description": "A minimal Electron application",
    "main": "main.js",
    "scripts": {
      "start": "electron ."
    },
    "repository": "https://github.com/electron/electron-quick-start",
    "keywords": [
      "Electron",
      "quick",
      "start",
      "tutorial",
      "demo"
    ],
    "author": "GitHub",
    "license": "CC0-1.0",
    "devDependencies": {
      "electron": "^6.0.12"
    }
  }

yarn manifest: 
  No manifest

Lockfile: 
  No lockfile
